<?xml version="1.0" encoding="UTF-8"?>
<!-- Generated by org.testng.reporters.JUnitXMLReporter -->
<testsuite ignored="0" hostname="nsk-dt-asm-70" failures="0" tests="1" name="Test" time="9.508" errors="0" timestamp="2024-08-14T20:42:18 IST">
  <testcase classname="Baseclass.BaseWeb" name="@AfterMethod getScreenshot" time="-1.723648337262E9">
    <failure type="org.testng.TestNGException" message="
Can inject only one of &amp;lt;ITestContext, XmlTest, Method, Object[], ITestResult&amp;gt; into a @AfterMethod annotated getScreenshot.
For more information on native dependency injection please refer to https://testng.org/#_dependency_injection">
      <![CDATA[org.testng.TestNGException: 
Can inject only one of <ITestContext, XmlTest, Method, Object[], ITestResult> into a @AfterMethod annotated getScreenshot.
For more information on native dependency injection please refer to https://testng.org/#_dependency_injection
at java.base/java.util.ArrayList.forEach(ArrayList.java:1511)
... Removed 29 stack frames]]>
    </failure>
  </testcase> <!-- @AfterMethod getScreenshot -->
  <testcase classname="Baseclass.BaseWeb" name="@AfterClass tearDown" time="0.0">
    <skipped/>
  </testcase> <!-- @AfterClass tearDown -->
  <testcase classname="Test.Logintest" name="verifyLogin" time="4.815"/>
</testsuite> <!-- Test -->
